<?xml version="1.0" encoding="UTF-8"?>
<testsuite xmlns:xsi="http://www.w3.org/2001/XMLSchema-instance" xsi:noNamespaceSchemaLocation="https://maven.apache.org/surefire/maven-surefire-plugin/xsd/surefire-test-report.xsd" name="org.example.RunCukeTest" time="70.205" tests="33" errors="6" skipped="12" failures="0">
  <properties>
[...]
</properties>
  <testcase name="Given I an on homepage" classname="| Krishna | Vasani | vk@gmail.com | 123456 | 123456 |" time="0.003"/>
  <testcase name="When I click on registration btn on home page" classname="| Krishna | Vasani | vk@gmail.com | 123456 | 123456 |" time="0"/>
  <testcase name="And I enter the valid firstname &quot;Krishna&quot;" classname="| Krishna | Vasani | vk@gmail.com | 123456 | 123456 |" time="0.001"/>
  <testcase name="And I enter the valid lastname &quot;Vasani&quot;" classname="| Krishna | Vasani | vk@gmail.com | 123456 | 123456 |" time="0"/>
  <testcase name="And I enter the valid email &quot;vk@gmail.com&quot;" classname="| Krishna | Vasani | vk@gmail.com | 123456 | 123456 |" time="0"/>
  <testcase name="And I enter the 123456" classname="| Krishna | Vasani | vk@gmail.com | 123456 | 123456 |" time="0.008">
    <error message="TODO: implement me" type="cucumber.api.PendingException">cucumber.api.PendingException: TODO: implement me
</error>
  </testcase>
  <testcase name="| Krishna | Vasani | vk@gmail.com | 123456 | 123456 |" classname="| Krishna | Vasani | vk@gmail.com | 123456 | 123456 |" time="0.008">
    <error message="TODO: implement me" type="cucumber.api.PendingException">cucumber.api.PendingException: TODO: implement me
</error>
  </testcase>
  <testcase name="And I enter the confirm password &quot;123456&quot;" classname="| Krishna | Vasani | vk@gmail.com | 123456 | 123456 |" time="0">
    <skipped/>
  </testcase>
  <testcase name="And I click on Register btn" classname="| Krishna | Vasani | vk@gmail.com | 123456 | 123456 |" time="0">
    <skipped/>
  </testcase>
  <testcase name="Then I should see on registration page &quot;Your registration completed&quot; text" classname="| Krishna | Vasani | vk@gmail.com | 123456 | 123456 |" time="0">
    <skipped/>
  </testcase>
  <testcase name="And the url should contain &quot;/registerresult/&quot;" classname="| Krishna | Vasani | vk@gmail.com | 123456 | 123456 |" time="0">
    <skipped/>
  </testcase>
  <testcase name="Given I an on homepage" classname="| Urvi | Vasani | uv@gmail.com | 123456 | 123456 |" time="0"/>
  <testcase name="When I click on registration btn on home page" classname="| Urvi | Vasani | uv@gmail.com | 123456 | 123456 |" time="0"/>
  <testcase name="And I enter the valid firstname &quot;Urvi&quot;" classname="| Urvi | Vasani | uv@gmail.com | 123456 | 123456 |" time="0"/>
  <testcase name="And I enter the valid lastname &quot;Vasani&quot;" classname="| Urvi | Vasani | uv@gmail.com | 123456 | 123456 |" time="0"/>
  <testcase name="And I enter the valid email &quot;uv@gmail.com&quot;" classname="| Urvi | Vasani | uv@gmail.com | 123456 | 123456 |" time="0"/>
  <testcase name="And I enter the 123456" classname="| Urvi | Vasani | uv@gmail.com | 123456 | 123456 |" time="0">
    <error message="TODO: implement me" type="cucumber.api.PendingException">cucumber.api.PendingException: TODO: implement me
</error>
  </testcase>
  <testcase name="| Urvi | Vasani | uv@gmail.com | 123456 | 123456 |" classname="| Urvi | Vasani | uv@gmail.com | 123456 | 123456 |" time="0.001">
    <error message="TODO: implement me" type="cucumber.api.PendingException">cucumber.api.PendingException: TODO: implement me
</error>
  </testcase>
  <testcase name="And I enter the confirm password &quot;123456&quot;" classname="| Urvi | Vasani | uv@gmail.com | 123456 | 123456 |" time="0">
    <skipped/>
  </testcase>
  <testcase name="And I click on Register btn" classname="| Urvi | Vasani | uv@gmail.com | 123456 | 123456 |" time="0">
    <skipped/>
  </testcase>
  <testcase name="Then I should see on registration page &quot;Your registration completed&quot; text" classname="| Urvi | Vasani | uv@gmail.com | 123456 | 123456 |" time="0">
    <skipped/>
  </testcase>
  <testcase name="And the url should contain &quot;/registerresult/&quot;" classname="| Urvi | Vasani | uv@gmail.com | 123456 | 123456 |" time="0">
    <skipped/>
  </testcase>
  <testcase name="Given I an on homepage" classname="| Milan | Vasani | mv@gmail.com | 123456 | 123456 |" time="0"/>
  <testcase name="When I click on registration btn on home page" classname="| Milan | Vasani | mv@gmail.com | 123456 | 123456 |" time="0"/>
  <testcase name="And I enter the valid firstname &quot;Milan&quot;" classname="| Milan | Vasani | mv@gmail.com | 123456 | 123456 |" time="0"/>
  <testcase name="And I enter the valid lastname &quot;Vasani&quot;" classname="| Milan | Vasani | mv@gmail.com | 123456 | 123456 |" time="0"/>
  <testcase name="And I enter the valid email &quot;mv@gmail.com&quot;" classname="| Milan | Vasani | mv@gmail.com | 123456 | 123456 |" time="0"/>
  <testcase name="And I enter the 123456" classname="| Milan | Vasani | mv@gmail.com | 123456 | 123456 |" time="0">
    <error message="TODO: implement me" type="cucumber.api.PendingException">cucumber.api.PendingException: TODO: implement me
</error>
  </testcase>
  <testcase name="| Milan | Vasani | mv@gmail.com | 123456 | 123456 |" classname="| Milan | Vasani | mv@gmail.com | 123456 | 123456 |" time="0.001">
    <error message="TODO: implement me" type="cucumber.api.PendingException">cucumber.api.PendingException: TODO: implement me
</error>
  </testcase>
  <testcase name="And I enter the confirm password &quot;123456&quot;" classname="| Milan | Vasani | mv@gmail.com | 123456 | 123456 |" time="0">
    <skipped/>
  </testcase>
  <testcase name="And I click on Register btn" classname="| Milan | Vasani | mv@gmail.com | 123456 | 123456 |" time="0">
    <skipped/>
  </testcase>
  <testcase name="Then I should see on registration page &quot;Your registration completed&quot; text" classname="| Milan | Vasani | mv@gmail.com | 123456 | 123456 |" time="0">
    <skipped/>
  </testcase>
  <testcase name="And the url should contain &quot;/registerresult/&quot;" classname="| Milan | Vasani | mv@gmail.com | 123456 | 123456 |" time="0">
    <skipped/>
  </testcase>
</testsuite>